<?xml version="1.0" encoding="UTF-8"?>
<testsuite name="AppTest" tests="2" skipped="0" failures="0" errors="0" timestamp="2016-02-11T19:34:47" hostname="epicodus-62.local" time="0.18">
  <properties/>
  <testcase name="allergyScore_returnsEggsForOne_eggs" classname="AppTest" time="0.002"/>
  <testcase name="rootTest" classname="AppTest" time="0.172"/>
  <system-out><![CDATA[]]></system-out>
  <system-err><![CDATA[]]></system-err>
</testsuite>
