<?xml version="1.0" encoding="UTF-8"?>
<testsuite name="AppTest" tests="5" skipped="0" failures="0" errors="0" timestamp="2016-02-11T19:39:51" hostname="epicodus-62.local" time="0.179">
  <properties/>
  <testcase name="allergyScore_returnsEggsForOne_eggs" classname="AppTest" time="0.002"/>
  <testcase name="allergyScore_returnsShellfishForFour_shellfish" classname="AppTest" time="0.0"/>
  <testcase name="rootTest" classname="AppTest" time="0.157"/>
  <testcase name="allergyScore_returnsStrawberriesForEight_strawberries" classname="AppTest" time="0.001"/>
  <testcase name="allergyScore_returnsPeanutsForTwo_peanuts" classname="AppTest" time="0.0"/>
  <system-out><![CDATA[]]></system-out>
  <system-err><![CDATA[]]></system-err>
</testsuite>
