<?xml version="1.0" encoding="UTF-8"?>
<testsuite name="AppTest" tests="7" skipped="0" failures="0" errors="0" timestamp="2016-02-11T21:24:05" hostname="epicodus-62.local" time="0.188">
  <properties/>
  <testcase name="allergyScore_returnsEggsForOne_eggs" classname="AppTest" time="0.003"/>
  <testcase name="allergyScore_returnsCatsPollenStrawberries_catsPollenStrawberries" classname="AppTest" time="0.001"/>
  <testcase name="allergyScore_returnsShellfishForFour_shellfish" classname="AppTest" time="0.001"/>
  <testcase name="rootTest" classname="AppTest" time="0.153"/>
  <testcase name="allergyScore_returnsPeanutsAndEggsForThree_peanutsAndEggs" classname="AppTest" time="0.001"/>
  <testcase name="allergyScore_returnsStrawberriesForEight_strawberries" classname="AppTest" time="0.001"/>
  <testcase name="allergyScore_returnsPeanutsForTwo_peanuts" classname="AppTest" time="0.001"/>
  <system-out><![CDATA[]]></system-out>
  <system-err><![CDATA[]]></system-err>
</testsuite>
